2024/11/21 11:40:50 INFO: CreateMesh...
2024/11/21 11:40:50 INFO: CreateMesh SUCCESS
2024/11/21 11:40:50 INFO: SetVariables...
2024/11/21 11:40:50 INFO: SetVariables SUCCESS
2024/11/21 11:40:50 INFO: ComputeGeometricProperties...
2024/11/21 11:40:50 INFO: ComputeGeometricProperties SUCCESS
2024/11/21 11:40:50 INFO: CreateVEMSpace of order 1 and DOFs...
2024/11/21 11:40:50 INFO: CreateVEMSpace SUCCESS
2024/11/21 11:40:50 INFO: AssembleSystem VEM...
2024/11/21 11:40:50 INFO: AssembleSystem SUCCESS
2024/11/21 11:40:50 INFO: ComputeVEMPerformance...
2024/11/21 11:40:50 INFO: ComputeVEMPerformance SUCCESS
2024/11/21 11:40:50 INFO: Factorize...
2024/11/21 11:40:50 INFO: Factorize SUCCESS
2024/11/21 11:40:50 INFO: Solve...
2024/11/21 11:40:50 INFO: Solve SUCCESS
2024/11/21 11:40:50 INFO: ComputeErrors...
2024/11/21 11:40:50 INFO: ComputeErrors SUCCESS
2024/11/21 11:40:50 INFO: ExportSolution...
2024/11/21 11:40:51 INFO: ExportSolution SUCCESS
