2024/11/21 12:49:13 INFO: CreateMesh...
2024/11/21 12:49:13 INFO: CreateMesh SUCCESS
2024/11/21 12:49:13 INFO: SetVariables...
2024/11/21 12:49:13 INFO: SetVariables SUCCESS
2024/11/21 12:49:13 INFO: ComputeGeometricProperties...
2024/11/21 12:49:13 INFO: ComputeGeometricProperties SUCCESS
2024/11/21 12:49:13 INFO: CreateVEMSpace of order 1 and DOFs...
2024/11/21 12:49:13 INFO: CreateVEMSpace SUCCESS
2024/11/21 12:49:13 INFO: AssembleSystem VEM...
2024/11/21 12:49:13 INFO: AssembleSystem SUCCESS
2024/11/21 12:49:13 INFO: ComputeVEMPerformance...
2024/11/21 12:49:13 INFO: ComputeVEMPerformance SUCCESS
2024/11/21 12:49:13 INFO: Factorize...
2024/11/21 12:49:13 INFO: Factorize SUCCESS
2024/11/21 12:49:13 INFO: Solve...
2024/11/21 12:49:13 INFO: Solve SUCCESS
2024/11/21 12:49:13 INFO: ComputeErrors...
2024/11/21 12:49:13 INFO: ComputeErrors SUCCESS
2024/11/21 12:49:13 INFO: ExportSolution...
2024/11/21 12:49:13 INFO: ExportSolution SUCCESS
