2024/11/21 13:40:47 INFO: CreateMesh...
2024/11/21 13:40:47 INFO: CreateMesh SUCCESS
2024/11/21 13:40:47 INFO: SetVariables...
2024/11/21 13:40:47 INFO: SetVariables SUCCESS
2024/11/21 13:40:47 INFO: ComputeGeometricProperties...
2024/11/21 13:40:47 INFO: ComputeGeometricProperties SUCCESS
2024/11/21 13:40:47 INFO: CreateVEMSpace of order 1 and DOFs...
2024/11/21 13:40:47 INFO: CreateVEMSpace SUCCESS
2024/11/21 13:40:47 INFO: AssembleSystem VEM...
2024/11/21 13:40:47 INFO: AssembleSystem SUCCESS
2024/11/21 13:40:47 INFO: ComputeVEMPerformance...
2024/11/21 13:40:47 INFO: ComputeVEMPerformance SUCCESS
2024/11/21 13:40:47 INFO: Factorize...
2024/11/21 13:40:47 INFO: Factorize SUCCESS
2024/11/21 13:40:47 INFO: Solve...
2024/11/21 13:40:47 INFO: Solve SUCCESS
2024/11/21 13:40:47 INFO: ComputeErrors...
2024/11/21 13:40:47 INFO: ComputeErrors SUCCESS
2024/11/21 13:40:47 INFO: ExportSolution...
2024/11/21 13:40:47 INFO: ExportSolution SUCCESS
