2024/11/21 11:43:30 INFO: CreateMesh...
2024/11/21 11:43:30 INFO: CreateMesh SUCCESS
2024/11/21 11:43:30 INFO: SetVariables...
2024/11/21 11:43:30 INFO: SetVariables SUCCESS
2024/11/21 11:43:30 INFO: ComputeGeometricProperties...
2024/11/21 11:43:30 INFO: ComputeGeometricProperties SUCCESS
2024/11/21 11:43:30 INFO: CreateVEMSpace of order 1 and DOFs...
2024/11/21 11:43:30 INFO: CreateVEMSpace SUCCESS
2024/11/21 11:43:30 INFO: AssembleSystem VEM...
2024/11/21 11:43:30 INFO: AssembleSystem SUCCESS
2024/11/21 11:43:30 INFO: ComputeVEMPerformance...
2024/11/21 11:43:31 INFO: ComputeVEMPerformance SUCCESS
2024/11/21 11:43:31 INFO: Factorize...
2024/11/21 11:43:31 INFO: Factorize SUCCESS
2024/11/21 11:43:31 INFO: Solve...
2024/11/21 11:43:31 INFO: Solve SUCCESS
2024/11/21 11:43:31 INFO: ComputeErrors...
2024/11/21 11:44:52 INFO: ComputeErrors SUCCESS
2024/11/21 11:44:52 INFO: ExportSolution...
2024/11/21 11:44:53 INFO: ExportSolution SUCCESS
