2024/11/21 11:41:56 INFO: CreateMesh...
2024/11/21 11:41:56 INFO: CreateMesh SUCCESS
2024/11/21 11:41:56 INFO: SetVariables...
2024/11/21 11:41:56 INFO: SetVariables SUCCESS
2024/11/21 11:41:56 INFO: ComputeGeometricProperties...
2024/11/21 11:41:56 INFO: ComputeGeometricProperties SUCCESS
2024/11/21 11:41:56 INFO: CreateVEMSpace of order 1 and DOFs...
2024/11/21 11:41:56 INFO: CreateVEMSpace SUCCESS
2024/11/21 11:41:56 INFO: AssembleSystem VEM...
2024/11/21 11:41:56 INFO: AssembleSystem SUCCESS
2024/11/21 11:41:56 INFO: ComputeVEMPerformance...
2024/11/21 11:41:56 INFO: ComputeVEMPerformance SUCCESS
2024/11/21 11:41:56 INFO: Factorize...
2024/11/21 11:41:56 INFO: Factorize SUCCESS
2024/11/21 11:41:56 INFO: Solve...
2024/11/21 11:41:56 INFO: Solve SUCCESS
2024/11/21 11:41:56 INFO: ComputeErrors...
2024/11/21 11:42:25 INFO: ComputeErrors SUCCESS
2024/11/21 11:42:25 INFO: ExportSolution...
2024/11/21 11:42:25 INFO: ExportSolution SUCCESS
